<?xml version="1.0" encoding="UTF-8"?>
<!-- Generated by org.testng.reporters.JUnitReportReporter -->
<testsuite hostname="JuDaEmMaNuEl" failures="0" tests="3" name="com.testcases.BookingHotelTest" time="38.853" errors="0" timestamp="2025-02-12T00:12:43 IST" skipped="0">
  <testcase classname="com.testcases.BookingHotelTest" name="bookingHotelTest" time="12.978"/>
  <testcase classname="com.testcases.BookingHotelTest" name="bookingHotelTest" time="13.202"/>
  <testcase classname="com.testcases.BookingHotelTest" name="bookingHotelTest" time="12.673"/>
</testsuite> <!-- com.testcases.BookingHotelTest -->
