<?xml version="1.0" encoding="UTF-8"?>
<!-- Generated by org.testng.reporters.JUnitReportReporter -->
<testsuite hostname="JuDaEmMaNuEl" failures="0" tests="4" name="com.testcases.LoginTest" time="16.184" errors="0" timestamp="2025-02-12T00:34:43 IST" skipped="0">
  <testcase classname="com.testcases.LoginTest" name="loginTest" time="3.763"/>
  <testcase classname="com.testcases.LoginTest" name="loginTest" time="4.055"/>
  <testcase classname="com.testcases.LoginTest" name="loginTest" time="4.641"/>
  <testcase classname="com.testcases.LoginTest" name="loginTest" time="3.725"/>
</testsuite> <!-- com.testcases.LoginTest -->
